<?xml version="1.0" encoding="UTF-8"?>
<!-- Generated by org.testng.reporters.JUnitReportReporter -->
<testsuite hostname="DESKTOP-H5PP6DB" failures="0" tests="1" name="TestCases.TC1_loginSenario" time="16.153" errors="0" timestamp="2021-02-20T20:47:22 IST" skipped="0">
  <testcase classname="TestCases.TC1_loginSenario" name="TC1_Login" time="16.153"/>
  <system-out/>
</testsuite> <!-- TestCases.TC1_loginSenario -->
